<?xml version="1.0" encoding="UTF-8"?>
<!-- Generated by org.testng.reporters.JUnitReportReporter -->
<testsuite hostname="DESKTOP-1S20KB4" failures="0" tests="1" name="test.test2" time="42.271" errors="0" timestamp="2020-11-06T12:13:44 IST" skipped="0">
  <testcase classname="test.test2" name="test2" time="42.271"/>
  <system-out/>
</testsuite> <!-- test.test2 -->
