<?xml version="1.0" encoding="UTF-8"?>
<!-- Generated by org.testng.reporters.JUnitReportReporter -->
<testsuite hostname="DESKTOP-1S20KB4" failures="0" tests="1" name="learnselenium.demo6_relatpath" time="17.407" errors="0" timestamp="2020-11-02T16:49:07 IST" skipped="0">
  <testcase classname="learnselenium.demo6_relatpath" name="login" time="17.407"/>
  <system-out/>
</testsuite> <!-- learnselenium.demo6_relatpath -->
