<?xml version="1.0" encoding="UTF-8"?>
<!-- Generated by org.testng.reporters.JUnitReportReporter -->
<testsuite hostname="DESKTOP-1S20KB4" failures="0" tests="2" name="learnselenium.popups" time="21.748" errors="0" timestamp="2020-11-02T16:49:07 IST" skipped="0">
  <testcase classname="learnselenium.popups" name="first" time="15.668"/>
  <system-out/>
  <testcase classname="learnselenium.popups" name="second" time="6.080"/>
  <system-out/>
</testsuite> <!-- learnselenium.popups -->
