<?xml version="1.0" encoding="UTF-8"?>
<!-- Generated by org.testng.reporters.JUnitReportReporter -->
<testsuite hostname="DESKTOP-1S20KB4" failures="0" tests="3" name="learnselenium.Sample" time="0.002" errors="0" timestamp="2020-11-02T16:49:07 IST" skipped="0">
  <testcase classname="learnselenium.Sample" name="y" time="0.001"/>
  <system-out/>
  <testcase classname="learnselenium.Sample" name="z" time="0.001"/>
  <system-out/>
  <testcase classname="learnselenium.Sample" name="x" time="0.000"/>
  <system-out/>
</testsuite> <!-- learnselenium.Sample -->
