<?xml version="1.0" encoding="UTF-8"?>
<!-- Generated by org.testng.reporters.JUnitReportReporter -->
<testsuite hostname="DESKTOP-1S20KB4" failures="0" tests="1" name="demo6_relatpath" time="17.260" errors="0" timestamp="2020-11-02T11:25:01 IST" skipped="0">
  <testcase classname="demo6_relatpath" name="login" time="17.260"/>
  <system-out/>
</testsuite> <!-- demo6_relatpath -->
